# Boss 30m probe
# started_at=2026-04-01T12:40:00+08:00
# logfile=/Users/oxjames/Downloads/CC_testing/海投助手OS/Platform Research/logs/boss_probe_20260401_124000.log

================ cycle_1 2026-04-01T12:40:00+08:00 ================

## status @ 2026-04-01T12:40:00+08:00
$ ./.venv/bin/boss status --json
WARNING:boss_cli.client:[#1] GET /wapi/zpgeek/search/joblist.json → Network error: [Errno 8] nodename nor servname provided, or not known (0.00s), retrying in 1.0s (attempt 1/3)
WARNING:boss_cli.client:[#1] GET /wapi/zpgeek/search/joblist.json → Network error: [Errno 8] nodename nor servname provided, or not known (0.00s), retrying in 2.1s (attempt 2/3)
WARNING:boss_cli.client:[#1] GET /wapi/zpgeek/search/joblist.json → Network error: [Errno 8] nodename nor servname provided, or not known (0.00s), retrying in 4.3s (attempt 3/3)
WARNING:boss_cli.client:[#1] GET /wapi/zprelation/interaction/geekGetJob → Network error: [Errno 8] nodename nor servname provided, or not known (0.00s), retrying in 1.7s (attempt 1/3)
WARNING:boss_cli.client:[#1] GET /wapi/zprelation/interaction/geekGetJob → Network error: [Errno 8] nodename nor servname provided, or not known (0.00s), retrying in 3.0s (attempt 2/3)
WARNING:boss_cli.client:[#1] GET /wapi/zprelation/interaction/geekGetJob → Network error: [Errno 8] nodename nor servname provided, or not known (0.00s), retrying in 4.5s (attempt 3/3)
{
  "credential_present": true,
  "cookie_count": 15,
  "cookies": [
    "HMACCOUNT",
    "Hm_lpvt_194df3105ad7148dcf2b98a91b5e727a",
    "Hm_lvt_194df3105ad7148dcf2b98a91b5e727a",
    "__a",
    "__c",
    "__g",
    "__l",
    "__zp_seo_uuid__",
    "__zp_stoken__",
    "ab_guid",
    "bst",
    "tgw_l7_route",
    "wbg",
    "wt2",
    "zp_at"
  ],
  "authenticated": false,
  "search_authenticated": false,
  "recommend_authenticated": false,
  "reason": "search: 登录态校验失败: Request failed after 3 retries: [Errno 8] nodename nor servname provided, or not known; recommend: 登录态校验失败: Request failed after 3 retries: [Errno 8] nodename nor servname provided, or not known"
}
exit_code=0

## search @ 2026-04-01T12:40:17+08:00
$ ./.venv/bin/boss search 'Python' --city '全国' --json
WARNING:boss_cli.client:[#1] GET /wapi/zpgeek/search/joblist.json → Network error: [Errno 8] nodename nor servname provided, or not known (0.00s), retrying in 1.2s (attempt 1/3)
WARNING:boss_cli.client:[#1] GET /wapi/zpgeek/search/joblist.json → Network error: [Errno 8] nodename nor servname provided, or not known (0.00s), retrying in 2.4s (attempt 2/3)
WARNING:boss_cli.client:[#1] GET /wapi/zpgeek/search/joblist.json → Network error: [Errno 8] nodename nor servname provided, or not known (0.00s), retrying in 4.8s (attempt 3/3)
{
  "ok": false,
  "schema_version": "1",
  "data": null,
  "error": {
    "code": "api_error",
    "message": "Request failed after 3 retries: [Errno 8] nodename nor servname provided, or not known"
  }
}
exit_code=1

## detail @ 2026-04-01T12:40:26+08:00
$ ./.venv/bin/boss detail 'xlysHmJGVkPPL-y1lCY_Aem0AVSDtvO-F8tDGruvst0iaIZ-LXMgZBEqryLqMqWMOvvxyTjV4IdaPlVQiqU6GqowRF_FSgIeK9t-kXcMuQD8JzVB8CAzYKh78K7TKkKQ6Ab5vbrUykLnB563MPdsipdi0ErVDnDyy1OxFeYIDH8BTbXbeupt1cnLWvX1x0NjeIOfjVt8esFQLibD5XCg2Oi3vkm_pxD_9PjQRGQHUBmW5cLXDfvgFdI1i97kWD2sYbF5cs0gLyg1FfDx1R5KvaFJkmzPId-Msx2dKNnoppAz3l4bkW8dwUQnZP3F-V4vAarEwg~~' --json
WARNING:boss_cli.client:[#1] GET /wapi/zpgeek/job/detail.json → Network error: [Errno 8] nodename nor servname provided, or not known (0.00s), retrying in 2.0s (attempt 1/3)
WARNING:boss_cli.client:[#1] GET /wapi/zpgeek/job/detail.json → Network error: [Errno 8] nodename nor servname provided, or not known (0.00s), retrying in 2.2s (attempt 2/3)
WARNING:boss_cli.client:[#1] GET /wapi/zpgeek/job/detail.json → Network error: [Errno 8] nodename nor servname provided, or not known (0.00s), retrying in 4.9s (attempt 3/3)
{
  "ok": false,
  "schema_version": "1",
  "data": null,
  "error": {
    "code": "api_error",
    "message": "Request failed after 3 retries: [Errno 8] nodename nor servname provided, or not known"
  }
}
exit_code=1

## greet @ 2026-04-01T12:40:35+08:00
$ ./.venv/bin/boss greet 'FwLO8MKpn18W6-K1UEWR2oAC58bevayp-5xAOP8hreOl2vuHKj6qpDYuSSLVi8IzGpUpBhktdE83b9nR0QGIhSKIhqT0krVcnKhN_0Ypp1RdyLTPY4zrQ8ibGw6Q-g177HtDjm99aWqh-K3BAoFlFoV4Q2L0C8v4FSsocSOVDNKi9d9lq1I3dRuAwmxC1GhVelrhdSbjiMELQ1aTQJWwvC8HYmr8NkYV4DMZF3AnyGWufdLJIM842pMd-KLd4TmMJmXqPeZUe33btGCnuEAjVu4yo9v5kOH_GfVUIN7ZZ4XB' --json
WARNING:boss_cli.client:[#1] GET /wapi/zpgeek/friend/add.json → Network error: [Errno 8] nodename nor servname provided, or not known (0.00s), retrying in 1.4s (attempt 1/3)
WARNING:boss_cli.client:[#1] GET /wapi/zpgeek/friend/add.json → Network error: [Errno 8] nodename nor servname provided, or not known (0.00s), retrying in 2.8s (attempt 2/3)
WARNING:boss_cli.client:[#1] GET /wapi/zpgeek/friend/add.json → Network error: [Errno 8] nodename nor servname provided, or not known (0.00s), retrying in 4.5s (attempt 3/3)
{
  "ok": false,
  "schema_version": "1",
  "data": null,
  "error": {
    "code": "api_error",
    "message": "Request failed after 3 retries: [Errno 8] nodename nor servname provided, or not known"
  }
}
exit_code=1

## chat_after_greet @ 2026-04-01T12:41:04+08:00
$ ./.venv/bin/boss chat --json
WARNING:boss_cli.client:[#1] GET /wapi/zprelation/friend/getGeekFriendList.json → Network error: [Errno 8] nodename nor servname provided, or not known (0.00s), retrying in 1.4s (attempt 1/3)
WARNING:boss_cli.client:[#1] GET /wapi/zprelation/friend/getGeekFriendList.json → Network error: [Errno 8] nodename nor servname provided, or not known (0.00s), retrying in 2.5s (attempt 2/3)
WARNING:boss_cli.client:[#1] GET /wapi/zprelation/friend/getGeekFriendList.json → Network error: [Errno 8] nodename nor servname provided, or not known (0.00s), retrying in 4.8s (attempt 3/3)
{
  "ok": false,
  "schema_version": "1",
  "data": null,
  "error": {
    "code": "api_error",
    "message": "Request failed after 3 retries: [Errno 8] nodename nor servname provided, or not known"
  }
}
exit_code=1

================ cycle_2 2026-04-01T12:44:13+08:00 ================

## status @ 2026-04-01T12:44:13+08:00
$ ./.venv/bin/boss status --json
WARNING:boss_cli.client:[#1] GET /wapi/zpgeek/search/joblist.json → Network error: [Errno 8] nodename nor servname provided, or not known (0.00s), retrying in 1.8s (attempt 1/3)
WARNING:boss_cli.client:[#1] GET /wapi/zpgeek/search/joblist.json → Network error: [Errno 8] nodename nor servname provided, or not known (0.00s), retrying in 2.5s (attempt 2/3)
WARNING:boss_cli.client:[#1] GET /wapi/zpgeek/search/joblist.json → Network error: [Errno 8] nodename nor servname provided, or not known (0.00s), retrying in 4.2s (attempt 3/3)
WARNING:boss_cli.client:[#1] GET /wapi/zprelation/interaction/geekGetJob → Network error: [Errno 8] nodename nor servname provided, or not known (0.00s), retrying in 1.9s (attempt 1/3)
WARNING:boss_cli.client:[#1] GET /wapi/zprelation/interaction/geekGetJob → Network error: [Errno 8] nodename nor servname provided, or not known (0.00s), retrying in 2.6s (attempt 2/3)
WARNING:boss_cli.client:[#1] GET /wapi/zprelation/interaction/geekGetJob → Network error: [Errno 8] nodename nor servname provided, or not known (0.00s), retrying in 4.6s (attempt 3/3)
{
  "credential_present": true,
  "cookie_count": 15,
  "cookies": [
    "HMACCOUNT",
    "Hm_lpvt_194df3105ad7148dcf2b98a91b5e727a",
    "Hm_lvt_194df3105ad7148dcf2b98a91b5e727a",
    "__a",
    "__c",
    "__g",
    "__l",
    "__zp_seo_uuid__",
    "__zp_stoken__",
    "ab_guid",
    "bst",
    "tgw_l7_route",
    "wbg",
    "wt2",
    "zp_at"
  ],
  "authenticated": false,
  "search_authenticated": false,
  "recommend_authenticated": false,
  "reason": "search: 登录态校验失败: Request failed after 3 retries: [Errno 8] nodename nor servname provided, or not known; recommend: 登录态校验失败: Request failed after 3 retries: [Errno 8] nodename nor servname provided, or not known"
}
exit_code=0

## search @ 2026-04-01T12:44:30+08:00
$ ./.venv/bin/boss search 'Python' --city '全国' --json
WARNING:boss_cli.client:[#1] GET /wapi/zpgeek/search/joblist.json → Network error: [Errno 8] nodename nor servname provided, or not known (0.00s), retrying in 1.7s (attempt 1/3)
WARNING:boss_cli.client:[#1] GET /wapi/zpgeek/search/joblist.json → Network error: [Errno 8] nodename nor servname provided, or not known (0.00s), retrying in 2.7s (attempt 2/3)
WARNING:boss_cli.client:[#1] GET /wapi/zpgeek/search/joblist.json → Network error: [Errno 8] nodename nor servname provided, or not known (0.00s), retrying in 4.6s (attempt 3/3)
{
  "ok": false,
  "schema_version": "1",
  "data": null,
  "error": {
    "code": "api_error",
    "message": "Request failed after 3 retries: [Errno 8] nodename nor servname provided, or not known"
  }
}
exit_code=1

================ cycle_3 2026-04-01T12:47:39+08:00 ================

## status @ 2026-04-01T12:47:39+08:00
$ ./.venv/bin/boss status --json
WARNING:boss_cli.client:[#1] GET /wapi/zpgeek/search/joblist.json → Network error: [Errno 8] nodename nor servname provided, or not known (0.00s), retrying in 1.8s (attempt 1/3)
WARNING:boss_cli.client:[#1] GET /wapi/zpgeek/search/joblist.json → Network error: [Errno 8] nodename nor servname provided, or not known (0.00s), retrying in 2.9s (attempt 2/3)
WARNING:boss_cli.client:[#1] GET /wapi/zpgeek/search/joblist.json → Network error: [Errno 8] nodename nor servname provided, or not known (0.00s), retrying in 4.5s (attempt 3/3)
WARNING:boss_cli.client:[#1] GET /wapi/zprelation/interaction/geekGetJob → Network error: [Errno 8] nodename nor servname provided, or not known (0.00s), retrying in 1.8s (attempt 1/3)
WARNING:boss_cli.client:[#1] GET /wapi/zprelation/interaction/geekGetJob → Network error: [Errno 8] nodename nor servname provided, or not known (0.00s), retrying in 2.1s (attempt 2/3)
WARNING:boss_cli.client:[#1] GET /wapi/zprelation/interaction/geekGetJob → Network error: [Errno 8] nodename nor servname provided, or not known (0.00s), retrying in 4.7s (attempt 3/3)
{
  "credential_present": true,
  "cookie_count": 15,
  "cookies": [
    "HMACCOUNT",
    "Hm_lpvt_194df3105ad7148dcf2b98a91b5e727a",
    "Hm_lvt_194df3105ad7148dcf2b98a91b5e727a",
    "__a",
    "__c",
    "__g",
    "__l",
    "__zp_seo_uuid__",
    "__zp_stoken__",
    "ab_guid",
    "bst",
    "tgw_l7_route",
    "wbg",
    "wt2",
    "zp_at"
  ],
  "authenticated": false,
  "search_authenticated": false,
  "recommend_authenticated": false,
  "reason": "search: 登录态校验失败: Request failed after 3 retries: [Errno 8] nodename nor servname provided, or not known; recommend: 登录态校验失败: Request failed after 3 retries: [Errno 8] nodename nor servname provided, or not known"
}
exit_code=0

## search @ 2026-04-01T12:47:58+08:00
$ ./.venv/bin/boss search 'Python' --city '全国' --json
WARNING:boss_cli.client:[#1] GET /wapi/zpgeek/search/joblist.json → Network error: [Errno 8] nodename nor servname provided, or not known (0.00s), retrying in 1.1s (attempt 1/3)
WARNING:boss_cli.client:[#1] GET /wapi/zpgeek/search/joblist.json → Network error: [Errno 8] nodename nor servname provided, or not known (0.00s), retrying in 2.5s (attempt 2/3)
WARNING:boss_cli.client:[#1] GET /wapi/zpgeek/search/joblist.json → Network error: [Errno 8] nodename nor servname provided, or not known (0.00s), retrying in 4.7s (attempt 3/3)
{
  "ok": false,
  "schema_version": "1",
  "data": null,
  "error": {
    "code": "api_error",
    "message": "Request failed after 3 retries: [Errno 8] nodename nor servname provided, or not known"
  }
}
exit_code=1

## chat_probe @ 2026-04-01T12:48:06+08:00
$ ./.venv/bin/boss chat --json
WARNING:boss_cli.client:[#1] GET /wapi/zprelation/friend/getGeekFriendList.json → Network error: [Errno 8] nodename nor servname provided, or not known (0.00s), retrying in 1.6s (attempt 1/3)
WARNING:boss_cli.client:[#1] GET /wapi/zprelation/friend/getGeekFriendList.json → Network error: [Errno 8] nodename nor servname provided, or not known (0.00s), retrying in 2.6s (attempt 2/3)
WARNING:boss_cli.client:[#1] GET /wapi/zprelation/friend/getGeekFriendList.json → Network error: [Errno 8] nodename nor servname provided, or not known (0.00s), retrying in 4.4s (attempt 3/3)
{
  "ok": false,
  "schema_version": "1",
  "data": null,
  "error": {
    "code": "api_error",
    "message": "Request failed after 3 retries: [Errno 8] nodename nor servname provided, or not known"
  }
}
exit_code=1

================ cycle_4 2026-04-01T12:51:15+08:00 ================

## status @ 2026-04-01T12:51:15+08:00
$ ./.venv/bin/boss status --json
WARNING:boss_cli.client:[#1] GET /wapi/zpgeek/search/joblist.json → Network error: [Errno 8] nodename nor servname provided, or not known (0.00s), retrying in 1.8s (attempt 1/3)
WARNING:boss_cli.client:[#1] GET /wapi/zpgeek/search/joblist.json → Network error: [Errno 8] nodename nor servname provided, or not known (0.00s), retrying in 2.6s (attempt 2/3)
WARNING:boss_cli.client:[#1] GET /wapi/zpgeek/search/joblist.json → Network error: [Errno 8] nodename nor servname provided, or not known (0.00s), retrying in 4.3s (attempt 3/3)
WARNING:boss_cli.client:[#1] GET /wapi/zprelation/interaction/geekGetJob → Network error: [Errno 8] nodename nor servname provided, or not known (0.00s), retrying in 1.8s (attempt 1/3)
WARNING:boss_cli.client:[#1] GET /wapi/zprelation/interaction/geekGetJob → Network error: [Errno 8] nodename nor servname provided, or not known (0.00s), retrying in 2.4s (attempt 2/3)
WARNING:boss_cli.client:[#1] GET /wapi/zprelation/interaction/geekGetJob → Network error: [Errno 8] nodename nor servname provided, or not known (0.00s), retrying in 4.7s (attempt 3/3)
{
  "credential_present": true,
  "cookie_count": 15,
  "cookies": [
    "HMACCOUNT",
    "Hm_lpvt_194df3105ad7148dcf2b98a91b5e727a",
    "Hm_lvt_194df3105ad7148dcf2b98a91b5e727a",
    "__a",
    "__c",
    "__g",
    "__l",
    "__zp_seo_uuid__",
    "__zp_stoken__",
    "ab_guid",
    "bst",
    "tgw_l7_route",
    "wbg",
    "wt2",
    "zp_at"
  ],
  "authenticated": false,
  "search_authenticated": false,
  "recommend_authenticated": false,
  "reason": "search: 登录态校验失败: Request failed after 3 retries: [Errno 8] nodename nor servname provided, or not known; recommend: 登录态校验失败: Request failed after 3 retries: [Errno 8] nodename nor servname provided, or not known"
}
exit_code=0

## search @ 2026-04-01T12:51:33+08:00
$ ./.venv/bin/boss search 'Python' --city '全国' --json
WARNING:boss_cli.client:[#1] GET /wapi/zpgeek/search/joblist.json → Network error: [Errno 8] nodename nor servname provided, or not known (0.00s), retrying in 1.1s (attempt 1/3)
WARNING:boss_cli.client:[#1] GET /wapi/zpgeek/search/joblist.json → Network error: [Errno 8] nodename nor servname provided, or not known (0.00s), retrying in 2.8s (attempt 2/3)
WARNING:boss_cli.client:[#1] GET /wapi/zpgeek/search/joblist.json → Network error: [Errno 8] nodename nor servname provided, or not known (0.00s), retrying in 4.5s (attempt 3/3)
{
  "ok": false,
  "schema_version": "1",
  "data": null,
  "error": {
    "code": "api_error",
    "message": "Request failed after 3 retries: [Errno 8] nodename nor servname provided, or not known"
  }
}
exit_code=1

## detail @ 2026-04-01T12:51:41+08:00
$ ./.venv/bin/boss detail 'xlysHmJGVkPPL-y1lCY_Aem0AVSDtvO-F8tDGruvst0iaIZ-LXMgZBEqryLqMqWMOvvxyTjV4IdaPlVQiqU6GqowRF_FSgIeK9t-kXcMuQD8JzVB8CAzYKh78K7TKkKQ6Ab5vbrUykLnB563MPdsipdi0ErVDnDyy1OxFeYIDH8BTbXbeupt1cnLWvX1x0NjeIOfjVt8esFQLibD5XCg2Oi3vkm_pxD_9PjQRGQHUBmW5cLXDfvgFdI1i97kWD2sYbF5cs0gLyg1FfDx1R5KvaFJkmzPId-Msx2dKNnoppAz3l4bkW8dwUQnZP3F-V4vAarEwg~~' --json
WARNING:boss_cli.client:[#1] GET /wapi/zpgeek/job/detail.json → Network error: [Errno 8] nodename nor servname provided, or not known (0.00s), retrying in 1.8s (attempt 1/3)
WARNING:boss_cli.client:[#1] GET /wapi/zpgeek/job/detail.json → Network error: [Errno 8] nodename nor servname provided, or not known (0.00s), retrying in 2.3s (attempt 2/3)
WARNING:boss_cli.client:[#1] GET /wapi/zpgeek/job/detail.json → Network error: [Errno 8] nodename nor servname provided, or not known (0.00s), retrying in 4.9s (attempt 3/3)
{
  "ok": false,
  "schema_version": "1",
  "data": null,
  "error": {
    "code": "api_error",
    "message": "Request failed after 3 retries: [Errno 8] nodename nor servname provided, or not known"
  }
}
exit_code=1

================ cycle_5 2026-04-01T12:54:50+08:00 ================

## status @ 2026-04-01T12:54:50+08:00
$ ./.venv/bin/boss status --json
WARNING:boss_cli.client:[#1] GET /wapi/zpgeek/search/joblist.json → Network error: [Errno 8] nodename nor servname provided, or not known (0.00s), retrying in 1.5s (attempt 1/3)
WARNING:boss_cli.client:[#1] GET /wapi/zpgeek/search/joblist.json → Network error: [Errno 8] nodename nor servname provided, or not known (0.00s), retrying in 2.3s (attempt 2/3)
WARNING:boss_cli.client:[#1] GET /wapi/zpgeek/search/joblist.json → Network error: [Errno 8] nodename nor servname provided, or not known (0.00s), retrying in 4.5s (attempt 3/3)
WARNING:boss_cli.client:[#1] GET /wapi/zprelation/interaction/geekGetJob → Network error: [Errno 8] nodename nor servname provided, or not known (0.00s), retrying in 1.3s (attempt 1/3)
WARNING:boss_cli.client:[#1] GET /wapi/zprelation/interaction/geekGetJob → Network error: [Errno 8] nodename nor servname provided, or not known (0.00s), retrying in 2.1s (attempt 2/3)
WARNING:boss_cli.client:[#1] GET /wapi/zprelation/interaction/geekGetJob → Network error: [Errno 8] nodename nor servname provided, or not known (0.00s), retrying in 4.7s (attempt 3/3)
{
  "credential_present": true,
  "cookie_count": 15,
  "cookies": [
    "HMACCOUNT",
    "Hm_lpvt_194df3105ad7148dcf2b98a91b5e727a",
    "Hm_lvt_194df3105ad7148dcf2b98a91b5e727a",
    "__a",
    "__c",
    "__g",
    "__l",
    "__zp_seo_uuid__",
    "__zp_stoken__",
    "ab_guid",
    "bst",
    "tgw_l7_route",
    "wbg",
    "wt2",
    "zp_at"
  ],
  "authenticated": false,
  "search_authenticated": false,
  "recommend_authenticated": false,
  "reason": "search: 登录态校验失败: Request failed after 3 retries: [Errno 8] nodename nor servname provided, or not known; recommend: 登录态校验失败: Request failed after 3 retries: [Errno 8] nodename nor servname provided, or not known"
}
exit_code=0

## search @ 2026-04-01T12:55:07+08:00
$ ./.venv/bin/boss search 'Python' --city '全国' --json
WARNING:boss_cli.client:[#1] GET /wapi/zpgeek/search/joblist.json → Network error: [Errno 8] nodename nor servname provided, or not known (0.00s), retrying in 1.6s (attempt 1/3)
WARNING:boss_cli.client:[#1] GET /wapi/zpgeek/search/joblist.json → Network error: [Errno 8] nodename nor servname provided, or not known (0.00s), retrying in 2.7s (attempt 2/3)
WARNING:boss_cli.client:[#1] GET /wapi/zpgeek/search/joblist.json → Network error: [Errno 8] nodename nor servname provided, or not known (0.00s), retrying in 4.5s (attempt 3/3)
{
  "ok": false,
  "schema_version": "1",
  "data": null,
  "error": {
    "code": "api_error",
    "message": "Request failed after 3 retries: [Errno 8] nodename nor servname provided, or not known"
  }
}
exit_code=1

================ cycle_6 2026-04-01T12:58:16+08:00 ================

## status @ 2026-04-01T12:58:16+08:00
$ ./.venv/bin/boss status --json
WARNING:boss_cli.client:[#1] GET /wapi/zpgeek/search/joblist.json → Network error: [Errno 8] nodename nor servname provided, or not known (0.00s), retrying in 1.2s (attempt 1/3)
WARNING:boss_cli.client:[#1] GET /wapi/zpgeek/search/joblist.json → Network error: [Errno 8] nodename nor servname provided, or not known (0.00s), retrying in 3.0s (attempt 2/3)
WARNING:boss_cli.client:[#1] GET /wapi/zpgeek/search/joblist.json → Network error: [Errno 8] nodename nor servname provided, or not known (0.00s), retrying in 4.5s (attempt 3/3)
WARNING:boss_cli.client:[#1] GET /wapi/zprelation/interaction/geekGetJob → Network error: [Errno 8] nodename nor servname provided, or not known (0.00s), retrying in 1.4s (attempt 1/3)
WARNING:boss_cli.client:[#1] GET /wapi/zprelation/interaction/geekGetJob → Network error: [Errno 8] nodename nor servname provided, or not known (0.00s), retrying in 2.2s (attempt 2/3)
WARNING:boss_cli.client:[#1] GET /wapi/zprelation/interaction/geekGetJob → Network error: [Errno 8] nodename nor servname provided, or not known (0.00s), retrying in 4.8s (attempt 3/3)
{
  "credential_present": true,
  "cookie_count": 15,
  "cookies": [
    "HMACCOUNT",
    "Hm_lpvt_194df3105ad7148dcf2b98a91b5e727a",
    "Hm_lvt_194df3105ad7148dcf2b98a91b5e727a",
    "__a",
    "__c",
    "__g",
    "__l",
    "__zp_seo_uuid__",
    "__zp_stoken__",
    "ab_guid",
    "bst",
    "tgw_l7_route",
    "wbg",
    "wt2",
    "zp_at"
  ],
  "authenticated": false,
  "search_authenticated": false,
  "recommend_authenticated": false,
  "reason": "search: 登录态校验失败: Request failed after 3 retries: [Errno 8] nodename nor servname provided, or not known; recommend: 登录态校验失败: Request failed after 3 retries: [Errno 8] nodename nor servname provided, or not known"
}
exit_code=0

## search @ 2026-04-01T12:58:33+08:00
$ ./.venv/bin/boss search 'Python' --city '全国' --json
WARNING:boss_cli.client:[#1] GET /wapi/zpgeek/search/joblist.json → Network error: [Errno 8] nodename nor servname provided, or not known (0.00s), retrying in 1.4s (attempt 1/3)
WARNING:boss_cli.client:[#1] GET /wapi/zpgeek/search/joblist.json → Network error: [Errno 8] nodename nor servname provided, or not known (0.00s), retrying in 3.0s (attempt 2/3)
WARNING:boss_cli.client:[#1] GET /wapi/zpgeek/search/joblist.json → Network error: [Errno 8] nodename nor servname provided, or not known (0.00s), retrying in 4.3s (attempt 3/3)
{
  "ok": false,
  "schema_version": "1",
  "data": null,
  "error": {
    "code": "api_error",
    "message": "Request failed after 3 retries: [Errno 8] nodename nor servname provided, or not known"
  }
}
exit_code=1

## greet @ 2026-04-01T12:58:42+08:00
$ ./.venv/bin/boss greet 'ZUpWtcmX80q4F-61HF8PbZR-jRrF84NEiU_jmoh5gNdDt4anyTTRgUqhD8Qa76BdBO_VT2yAybpWb6o5E5fxpaBab7elkmZh8z_xVtr7OI1z6vvgiqx6z4vgU80vPvtjA43cx_albQuyXS5W5ONBWCWZzQyf-dKh4ukH1K3d9Ak2ahXeTS0XvOoMEH7zEdFifkKajPGIoxq25LJTop4Tb9DRRVUDe_Ii-FSLyIhzWWh_9qAX3mL9Ued7IJz8vsRyhhFIlNUOtIM1KSD9zj3mCGf2G9sRQaXzdydzPmCbiag01PbhZYtwxJtsXFYTUlLbNhQGdy4~' --json
WARNING:boss_cli.client:[#1] GET /wapi/zpgeek/friend/add.json → Network error: [Errno 8] nodename nor servname provided, or not known (0.00s), retrying in 1.9s (attempt 1/3)
WARNING:boss_cli.client:[#1] GET /wapi/zpgeek/friend/add.json → Network error: [Errno 8] nodename nor servname provided, or not known (0.00s), retrying in 2.7s (attempt 2/3)
WARNING:boss_cli.client:[#1] GET /wapi/zpgeek/friend/add.json → Network error: [Errno 8] nodename nor servname provided, or not known (0.00s), retrying in 4.0s (attempt 3/3)
{
  "ok": false,
  "schema_version": "1",
  "data": null,
  "error": {
    "code": "api_error",
    "message": "Request failed after 3 retries: [Errno 8] nodename nor servname provided, or not known"
  }
}
exit_code=1

## chat_after_greet @ 2026-04-01T12:59:11+08:00
$ ./.venv/bin/boss chat --json
WARNING:boss_cli.client:[#1] GET /wapi/zprelation/friend/getGeekFriendList.json → Network error: [Errno 8] nodename nor servname provided, or not known (0.00s), retrying in 1.2s (attempt 1/3)
WARNING:boss_cli.client:[#1] GET /wapi/zprelation/friend/getGeekFriendList.json → Network error: [Errno 8] nodename nor servname provided, or not known (0.00s), retrying in 2.3s (attempt 2/3)
WARNING:boss_cli.client:[#1] GET /wapi/zprelation/friend/getGeekFriendList.json → Network error: [Errno 8] nodename nor servname provided, or not known (0.00s), retrying in 4.2s (attempt 3/3)
{
  "ok": false,
  "schema_version": "1",
  "data": null,
  "error": {
    "code": "api_error",
    "message": "Request failed after 3 retries: [Errno 8] nodename nor servname provided, or not known"
  }
}
exit_code=1

================ cycle_7 2026-04-01T13:02:19+08:00 ================

## status @ 2026-04-01T13:02:19+08:00
$ ./.venv/bin/boss status --json
WARNING:boss_cli.client:[#1] GET /wapi/zpgeek/search/joblist.json → Network error: [Errno 8] nodename nor servname provided, or not known (0.00s), retrying in 1.1s (attempt 1/3)
WARNING:boss_cli.client:[#1] GET /wapi/zpgeek/search/joblist.json → Network error: [Errno 8] nodename nor servname provided, or not known (0.00s), retrying in 2.2s (attempt 2/3)
WARNING:boss_cli.client:[#1] GET /wapi/zpgeek/search/joblist.json → Network error: [Errno 8] nodename nor servname provided, or not known (0.00s), retrying in 4.4s (attempt 3/3)
WARNING:boss_cli.client:[#1] GET /wapi/zprelation/interaction/geekGetJob → Network error: [Errno 8] nodename nor servname provided, or not known (0.00s), retrying in 1.5s (attempt 1/3)
WARNING:boss_cli.client:[#1] GET /wapi/zprelation/interaction/geekGetJob → Network error: [Errno 8] nodename nor servname provided, or not known (0.00s), retrying in 2.3s (attempt 2/3)
WARNING:boss_cli.client:[#1] GET /wapi/zprelation/interaction/geekGetJob → Network error: [Errno 8] nodename nor servname provided, or not known (0.00s), retrying in 4.2s (attempt 3/3)
{
  "credential_present": true,
  "cookie_count": 15,
  "cookies": [
    "HMACCOUNT",
    "Hm_lpvt_194df3105ad7148dcf2b98a91b5e727a",
    "Hm_lvt_194df3105ad7148dcf2b98a91b5e727a",
    "__a",
    "__c",
    "__g",
    "__l",
    "__zp_seo_uuid__",
    "__zp_stoken__",
    "ab_guid",
    "bst",
    "tgw_l7_route",
    "wbg",
    "wt2",
    "zp_at"
  ],
  "authenticated": false,
  "search_authenticated": false,
  "recommend_authenticated": false,
  "reason": "search: 登录态校验失败: Request failed after 3 retries: [Errno 8] nodename nor servname provided, or not known; recommend: 登录态校验失败: Request failed after 3 retries: [Errno 8] nodename nor servname provided, or not known"
}
exit_code=0

## search @ 2026-04-01T13:02:35+08:00
$ ./.venv/bin/boss search 'Python' --city '全国' --json
WARNING:boss_cli.client:[#1] GET /wapi/zpgeek/search/joblist.json → Network error: [Errno 8] nodename nor servname provided, or not known (0.00s), retrying in 1.4s (attempt 1/3)
WARNING:boss_cli.client:[#1] GET /wapi/zpgeek/search/joblist.json → Network error: [Errno 8] nodename nor servname provided, or not known (0.00s), retrying in 2.5s (attempt 2/3)
WARNING:boss_cli.client:[#1] GET /wapi/zpgeek/search/joblist.json → Network error: [Errno 8] nodename nor servname provided, or not known (0.00s), retrying in 4.2s (attempt 3/3)
{
  "ok": false,
  "schema_version": "1",
  "data": null,
  "error": {
    "code": "api_error",
    "message": "Request failed after 3 retries: [Errno 8] nodename nor servname provided, or not known"
  }
}
exit_code=1

## detail @ 2026-04-01T13:02:43+08:00
$ ./.venv/bin/boss detail 'xlysHmJGVkPPL-y1lCY_Aem0AVSDtvO-F8tDGruvst0iaIZ-LXMgZBEqryLqMqWMOvvxyTjV4IdaPlVQiqU6GqowRF_FSgIeK9t-kXcMuQD8JzVB8CAzYKh78K7TKkKQ6Ab5vbrUykLnB563MPdsipdi0ErVDnDyy1OxFeYIDH8BTbXbeupt1cnLWvX1x0NjeIOfjVt8esFQLibD5XCg2Oi3vkm_pxD_9PjQRGQHUBmW5cLXDfvgFdI1i97kWD2sYbF5cs0gLyg1FfDx1R5KvaFJkmzPId-Msx2dKNnoppAz3l4bkW8dwUQnZP3F-V4vAarEwg~~' --json
WARNING:boss_cli.client:[#1] GET /wapi/zpgeek/job/detail.json → Network error: [Errno 8] nodename nor servname provided, or not known (0.00s), retrying in 1.8s (attempt 1/3)
WARNING:boss_cli.client:[#1] GET /wapi/zpgeek/job/detail.json → Network error: [Errno 8] nodename nor servname provided, or not known (0.00s), retrying in 2.7s (attempt 2/3)
WARNING:boss_cli.client:[#1] GET /wapi/zpgeek/job/detail.json → Network error: [Errno 8] nodename nor servname provided, or not known (0.00s), retrying in 4.2s (attempt 3/3)
{
  "ok": false,
  "schema_version": "1",
  "data": null,
  "error": {
    "code": "api_error",
    "message": "Request failed after 3 retries: [Errno 8] nodename nor servname provided, or not known"
  }
}
exit_code=1

================ cycle_8 2026-04-01T13:05:52+08:00 ================

## status @ 2026-04-01T13:05:52+08:00
$ ./.venv/bin/boss status --json
WARNING:boss_cli.client:[#1] GET /wapi/zpgeek/search/joblist.json → Network error: [Errno 8] nodename nor servname provided, or not known (0.00s), retrying in 1.3s (attempt 1/3)
WARNING:boss_cli.client:[#1] GET /wapi/zpgeek/search/joblist.json → Network error: [Errno 8] nodename nor servname provided, or not known (0.01s), retrying in 3.0s (attempt 2/3)
WARNING:boss_cli.client:[#1] GET /wapi/zpgeek/search/joblist.json → Network error: [Errno 8] nodename nor servname provided, or not known (0.00s), retrying in 4.9s (attempt 3/3)
WARNING:boss_cli.client:[#1] GET /wapi/zprelation/interaction/geekGetJob → Network error: [Errno 8] nodename nor servname provided, or not known (0.00s), retrying in 2.0s (attempt 1/3)
WARNING:boss_cli.client:[#1] GET /wapi/zprelation/interaction/geekGetJob → Network error: [Errno 8] nodename nor servname provided, or not known (0.00s), retrying in 2.4s (attempt 2/3)
WARNING:boss_cli.client:[#1] GET /wapi/zprelation/interaction/geekGetJob → Network error: [Errno 8] nodename nor servname provided, or not known (0.00s), retrying in 4.4s (attempt 3/3)
{
  "credential_present": true,
  "cookie_count": 15,
  "cookies": [
    "HMACCOUNT",
    "Hm_lpvt_194df3105ad7148dcf2b98a91b5e727a",
    "Hm_lvt_194df3105ad7148dcf2b98a91b5e727a",
    "__a",
    "__c",
    "__g",
    "__l",
    "__zp_seo_uuid__",
    "__zp_stoken__",
    "ab_guid",
    "bst",
    "tgw_l7_route",
    "wbg",
    "wt2",
    "zp_at"
  ],
  "authenticated": false,
  "search_authenticated": false,
  "recommend_authenticated": false,
  "reason": "search: 登录态校验失败: Request failed after 3 retries: [Errno 8] nodename nor servname provided, or not known; recommend: 登录态校验失败: Request failed after 3 retries: [Errno 8] nodename nor servname provided, or not known"
}
exit_code=0

## search @ 2026-04-01T13:06:10+08:00
$ ./.venv/bin/boss search 'Python' --city '全国' --json
WARNING:boss_cli.client:[#1] GET /wapi/zpgeek/search/joblist.json → Network error: [Errno 8] nodename nor servname provided, or not known (0.00s), retrying in 1.9s (attempt 1/3)
WARNING:boss_cli.client:[#1] GET /wapi/zpgeek/search/joblist.json → Network error: [Errno 8] nodename nor servname provided, or not known (0.00s), retrying in 2.4s (attempt 2/3)
WARNING:boss_cli.client:[#1] GET /wapi/zpgeek/search/joblist.json → Network error: [Errno 8] nodename nor servname provided, or not known (0.00s), retrying in 4.5s (attempt 3/3)
{
  "ok": false,
  "schema_version": "1",
  "data": null,
  "error": {
    "code": "api_error",
    "message": "Request failed after 3 retries: [Errno 8] nodename nor servname provided, or not known"
  }
}
exit_code=1

## chat_probe @ 2026-04-01T13:06:19+08:00
$ ./.venv/bin/boss chat --json
WARNING:boss_cli.client:[#1] GET /wapi/zprelation/friend/getGeekFriendList.json → Network error: [Errno 8] nodename nor servname provided, or not known (0.00s), retrying in 1.4s (attempt 1/3)
WARNING:boss_cli.client:[#1] GET /wapi/zprelation/friend/getGeekFriendList.json → Network error: [Errno 8] nodename nor servname provided, or not known (0.00s), retrying in 2.4s (attempt 2/3)
WARNING:boss_cli.client:[#1] GET /wapi/zprelation/friend/getGeekFriendList.json → Network error: [Errno 8] nodename nor servname provided, or not known (0.00s), retrying in 4.6s (attempt 3/3)
{
  "ok": false,
  "schema_version": "1",
  "data": null,
  "error": {
    "code": "api_error",
    "message": "Request failed after 3 retries: [Errno 8] nodename nor servname provided, or not known"
  }
}
exit_code=1

================ cycle_9 2026-04-01T13:09:28+08:00 ================

## status @ 2026-04-01T13:09:28+08:00
$ ./.venv/bin/boss status --json
WARNING:boss_cli.client:[#1] GET /wapi/zpgeek/search/joblist.json → Network error: [Errno 8] nodename nor servname provided, or not known (0.00s), retrying in 1.1s (attempt 1/3)
WARNING:boss_cli.client:[#1] GET /wapi/zpgeek/search/joblist.json → Network error: [Errno 8] nodename nor servname provided, or not known (0.00s), retrying in 2.0s (attempt 2/3)
WARNING:boss_cli.client:[#1] GET /wapi/zpgeek/search/joblist.json → Network error: [Errno 8] nodename nor servname provided, or not known (0.00s), retrying in 4.1s (attempt 3/3)
WARNING:boss_cli.client:[#1] GET /wapi/zprelation/interaction/geekGetJob → Network error: [Errno 8] nodename nor servname provided, or not known (0.00s), retrying in 1.0s (attempt 1/3)
WARNING:boss_cli.client:[#1] GET /wapi/zprelation/interaction/geekGetJob → Network error: [Errno 8] nodename nor servname provided, or not known (0.00s), retrying in 2.6s (attempt 2/3)
WARNING:boss_cli.client:[#1] GET /wapi/zprelation/interaction/geekGetJob → Network error: [Errno 8] nodename nor servname provided, or not known (0.00s), retrying in 4.6s (attempt 3/3)
{
  "credential_present": true,
  "cookie_count": 15,
  "cookies": [
    "HMACCOUNT",
    "Hm_lpvt_194df3105ad7148dcf2b98a91b5e727a",
    "Hm_lvt_194df3105ad7148dcf2b98a91b5e727a",
    "__a",
    "__c",
    "__g",
    "__l",
    "__zp_seo_uuid__",
    "__zp_stoken__",
    "ab_guid",
    "bst",
    "tgw_l7_route",
    "wbg",
    "wt2",
    "zp_at"
  ],
  "authenticated": false,
  "search_authenticated": false,
  "recommend_authenticated": false,
  "reason": "search: 登录态校验失败: Request failed after 3 retries: [Errno 8] nodename nor servname provided, or not known; recommend: 登录态校验失败: Request failed after 3 retries: [Errno 8] nodename nor servname provided, or not known"
}
exit_code=0

## search @ 2026-04-01T13:09:43+08:00
$ ./.venv/bin/boss search 'Python' --city '全国' --json
WARNING:boss_cli.client:[#1] GET /wapi/zpgeek/search/joblist.json → Network error: [Errno 8] nodename nor servname provided, or not known (0.00s), retrying in 1.4s (attempt 1/3)
WARNING:boss_cli.client:[#1] GET /wapi/zpgeek/search/joblist.json → Network error: [Errno 8] nodename nor servname provided, or not known (0.00s), retrying in 2.4s (attempt 2/3)
WARNING:boss_cli.client:[#1] GET /wapi/zpgeek/search/joblist.json → Network error: [Errno 8] nodename nor servname provided, or not known (0.00s), retrying in 4.7s (attempt 3/3)
{
  "ok": false,
  "schema_version": "1",
  "data": null,
  "error": {
    "code": "api_error",
    "message": "Request failed after 3 retries: [Errno 8] nodename nor servname provided, or not known"
  }
}
exit_code=1

================ cycle_10 2026-04-01T13:12:52+08:00 ================

## status @ 2026-04-01T13:12:52+08:00
$ ./.venv/bin/boss status --json
WARNING:boss_cli.client:[#1] GET /wapi/zpgeek/search/joblist.json → Network error: [Errno 8] nodename nor servname provided, or not known (0.00s), retrying in 1.6s (attempt 1/3)
WARNING:boss_cli.client:[#1] GET /wapi/zpgeek/search/joblist.json → Network error: [Errno 8] nodename nor servname provided, or not known (0.00s), retrying in 2.0s (attempt 2/3)
WARNING:boss_cli.client:[#1] GET /wapi/zpgeek/search/joblist.json → Network error: [Errno 8] nodename nor servname provided, or not known (0.00s), retrying in 5.0s (attempt 3/3)
WARNING:boss_cli.client:[#1] GET /wapi/zprelation/interaction/geekGetJob → Network error: [Errno 8] nodename nor servname provided, or not known (0.00s), retrying in 1.7s (attempt 1/3)
WARNING:boss_cli.client:[#1] GET /wapi/zprelation/interaction/geekGetJob → Network error: [Errno 8] nodename nor servname provided, or not known (0.00s), retrying in 3.0s (attempt 2/3)
WARNING:boss_cli.client:[#1] GET /wapi/zprelation/interaction/geekGetJob → Network error: [Errno 8] nodename nor servname provided, or not known (0.00s), retrying in 4.8s (attempt 3/3)
{
  "credential_present": true,
  "cookie_count": 15,
  "cookies": [
    "HMACCOUNT",
    "Hm_lpvt_194df3105ad7148dcf2b98a91b5e727a",
    "Hm_lvt_194df3105ad7148dcf2b98a91b5e727a",
    "__a",
    "__c",
    "__g",
    "__l",
    "__zp_seo_uuid__",
    "__zp_stoken__",
    "ab_guid",
    "bst",
    "tgw_l7_route",
    "wbg",
    "wt2",
    "zp_at"
  ],
  "authenticated": false,
  "search_authenticated": false,
  "recommend_authenticated": false,
  "reason": "search: 登录态校验失败: Request failed after 3 retries: [Errno 8] nodename nor servname provided, or not known; recommend: 登录态校验失败: Request failed after 3 retries: [Errno 8] nodename nor servname provided, or not known"
}
exit_code=0

## search @ 2026-04-01T13:13:10+08:00
$ ./.venv/bin/boss search 'Python' --city '全国' --json
WARNING:boss_cli.client:[#1] GET /wapi/zpgeek/search/joblist.json → Network error: [Errno 8] nodename nor servname provided, or not known (0.00s), retrying in 2.0s (attempt 1/3)
WARNING:boss_cli.client:[#1] GET /wapi/zpgeek/search/joblist.json → Network error: [Errno 8] nodename nor servname provided, or not known (0.00s), retrying in 2.4s (attempt 2/3)
WARNING:boss_cli.client:[#1] GET /wapi/zpgeek/search/joblist.json → Network error: [Errno 8] nodename nor servname provided, or not known (0.00s), retrying in 4.6s (attempt 3/3)
{
  "ok": false,
  "schema_version": "1",
  "data": null,
  "error": {
    "code": "api_error",
    "message": "Request failed after 3 retries: [Errno 8] nodename nor servname provided, or not known"
  }
}
exit_code=1

## detail @ 2026-04-01T13:13:19+08:00
$ ./.venv/bin/boss detail 'xlysHmJGVkPPL-y1lCY_Aem0AVSDtvO-F8tDGruvst0iaIZ-LXMgZBEqryLqMqWMOvvxyTjV4IdaPlVQiqU6GqowRF_FSgIeK9t-kXcMuQD8JzVB8CAzYKh78K7TKkKQ6Ab5vbrUykLnB563MPdsipdi0ErVDnDyy1OxFeYIDH8BTbXbeupt1cnLWvX1x0NjeIOfjVt8esFQLibD5XCg2Oi3vkm_pxD_9PjQRGQHUBmW5cLXDfvgFdI1i97kWD2sYbF5cs0gLyg1FfDx1R5KvaFJkmzPId-Msx2dKNnoppAz3l4bkW8dwUQnZP3F-V4vAarEwg~~' --json
WARNING:boss_cli.client:[#1] GET /wapi/zpgeek/job/detail.json → Network error: [Errno 8] nodename nor servname provided, or not known (0.00s), retrying in 1.8s (attempt 1/3)
WARNING:boss_cli.client:[#1] GET /wapi/zpgeek/job/detail.json → Network error: [Errno 8] nodename nor servname provided, or not known (0.00s), retrying in 2.5s (attempt 2/3)
WARNING:boss_cli.client:[#1] GET /wapi/zpgeek/job/detail.json → Network error: [Errno 8] nodename nor servname provided, or not known (0.00s), retrying in 4.9s (attempt 3/3)
{
  "ok": false,
  "schema_version": "1",
  "data": null,
  "error": {
    "code": "api_error",
    "message": "Request failed after 3 retries: [Errno 8] nodename nor servname provided, or not known"
  }
}
exit_code=1

## chat_probe @ 2026-04-01T13:13:29+08:00
$ ./.venv/bin/boss chat --json
WARNING:boss_cli.client:[#1] GET /wapi/zprelation/friend/getGeekFriendList.json → Network error: [Errno 8] nodename nor servname provided, or not known (0.00s), retrying in 1.6s (attempt 1/3)
WARNING:boss_cli.client:[#1] GET /wapi/zprelation/friend/getGeekFriendList.json → Network error: [Errno 8] nodename nor servname provided, or not known (0.00s), retrying in 2.2s (attempt 2/3)
WARNING:boss_cli.client:[#1] GET /wapi/zprelation/friend/getGeekFriendList.json → Network error: [Errno 8] nodename nor servname provided, or not known (0.00s), retrying in 4.6s (attempt 3/3)
{
  "ok": false,
  "schema_version": "1",
  "data": null,
  "error": {
    "code": "api_error",
    "message": "Request failed after 3 retries: [Errno 8] nodename nor servname provided, or not known"
  }
}
exit_code=1

# finished_at=2026-04-01T13:13:37+08:00
